SlidingMenu_library/build/intermediates/manifest_merge_blame_file/release/manifest-merger-blame-release-report.txt
1<?xml version="1.0" encoding="utf-8"?>
2<manifest xmlns:android="http://schemas.android.com/apk/res/android"
3    package="com.jeremyfeinstein.slidingmenu.lib" > <!-- <uses-sdk -->
4    <!-- android:minSdkVersion="5" -->
5    <!-- android:targetSdkVersion="17" /> -->
6    <uses-sdk
7        android:minSdkVersion="15"
7-->News\SlidingMenu_library\AndroidManifest.xml
8        android:targetSdkVersion="28" />
8-->News\SlidingMenu_library\AndroidManifest.xml
9
10</manifest>